<?xml version="1.0" encoding="UTF-8"?>
<testsuite xmlns:xsi="http://www.w3.org/2001/XMLSchema-instance" xsi:noNamespaceSchemaLocation="https://maven.apache.org/surefire/maven-surefire-plugin/xsd/surefire-test-report-3.0.xsd" version="3.0" name="uml4java.output.UmlGeneratorTest" time="0.231" tests="6" errors="0" skipped="0" failures="0">
  <properties>
[...]
</properties>
  <testcase name="membersRenderedInsideClass" classname="uml4java.output.UmlGeneratorTest" time="0.158"/>
  <testcase name="classWithoutPackageNoNamespace" classname="uml4java.output.UmlGeneratorTest" time="0.011"/>
  <testcase name="classWithNamespace" classname="uml4java.output.UmlGeneratorTest" time="0.012"/>
  <testcase name="relationshipsRendered" classname="uml4java.output.UmlGeneratorTest" time="0.013"/>
  <testcase name="multiplePackagesGrouped" classname="uml4java.output.UmlGeneratorTest" time="0.012"/>
  <testcase name="emptyDiagram" classname="uml4java.output.UmlGeneratorTest" time="0.011"/>
</testsuite>